[debug] [2025-05-22T15:27:06.526Z] ----------------------------------------------------------------------
[debug] [2025-05-22T15:27:06.527Z] Command:       /Users/mikemac/.nvm/versions/node/v20.18.0/bin/node /Users/mikemac/.nvm/versions/node/v20.18.0/bin/firebase init
[debug] [2025-05-22T15:27:06.527Z] CLI Version:   14.4.0
[debug] [2025-05-22T15:27:06.527Z] Platform:      darwin
[debug] [2025-05-22T15:27:06.527Z] Node Version:  v20.18.0
[debug] [2025-05-22T15:27:06.528Z] Time:          Thu May 22 2025 17:27:06 GMT+0200 (Central European Summer Time)
[debug] [2025-05-22T15:27:06.528Z] ----------------------------------------------------------------------
[debug] 
[debug] [2025-05-22T15:27:06.529Z] >>> [apiv2][query] GET https://firebase-public.firebaseio.com/cli.json [none]
[debug] [2025-05-22T15:27:06.554Z] > command requires scopes: ["email","openid","https://www.googleapis.com/auth/cloudplatformprojects.readonly","https://www.googleapis.com/auth/firebase","https://www.googleapis.com/auth/cloud-platform"]
[debug] [2025-05-22T15:27:06.555Z] > authorizing via signed-in user (linares.michael@gmail.com)
[info] 
     ######## #### ########  ######## ########     ###     ######  ########
     ##        ##  ##     ## ##       ##     ##  ##   ##  ##       ##
     ######    ##  ########  ######   ########  #########  ######  ######
     ##        ##  ##    ##  ##       ##     ## ##     ##       ## ##
     ##       #### ##     ## ######## ########  ##     ##  ######  ########

You're about to initialize a Firebase project in this directory:

  /Users/mikemac/Mike-docs/DEV-EDUCATION/app/react/puntacana-plan/puntacana-plan

[debug] [2025-05-22T15:27:06.841Z] <<< [apiv2][status] GET https://firebase-public.firebaseio.com/cli.json 200
[debug] [2025-05-22T15:27:06.842Z] <<< [apiv2][body] GET https://firebase-public.firebaseio.com/cli.json {"cloudBuildErrorAfter":1594252800000,"cloudBuildWarnAfter":1590019200000,"defaultNode10After":1594252800000,"minVersion":"3.0.5","node8DeploysDisabledAfter":1613390400000,"node8RuntimeDisabledAfter":1615809600000,"node8WarnAfter":1600128000000}
[info] 
=== Project Setup
[info] 
[info] First, let's associate this project directory with a Firebase project.
[info] You can create multiple project aliases by running firebase use --add, 
[info] but for now we'll just set up a default project.
[info] 
[debug] [2025-05-22T15:27:19.022Z] Checked if tokens are valid: false, expires at: 1747829026547
[debug] [2025-05-22T15:27:19.022Z] Checked if tokens are valid: false, expires at: 1747829026547
[debug] [2025-05-22T15:27:19.022Z] > refreshing access token with scopes: []
[debug] [2025-05-22T15:27:19.023Z] >>> [apiv2][query] POST https://www.googleapis.com/oauth2/v3/token [none]
[debug] [2025-05-22T15:27:19.023Z] >>> [apiv2][body] POST https://www.googleapis.com/oauth2/v3/token [omitted]
[debug] [2025-05-22T15:27:19.157Z] <<< [apiv2][status] POST https://www.googleapis.com/oauth2/v3/token 200
[debug] [2025-05-22T15:27:19.157Z] <<< [apiv2][body] POST https://www.googleapis.com/oauth2/v3/token [omitted]
[debug] [2025-05-22T15:27:19.174Z] >>> [apiv2][query] GET https://firebase.googleapis.com/v1beta1/projects pageSize=100
[debug] [2025-05-22T15:27:19.687Z] <<< [apiv2][status] GET https://firebase.googleapis.com/v1beta1/projects 200
[debug] [2025-05-22T15:27:19.687Z] <<< [apiv2][body] GET https://firebase.googleapis.com/v1beta1/projects [omitted]
[debug] [2025-05-22T15:30:09.729Z] ExitPromptError: User force closed the prompt with SIGINT
    at Interface.sigint (/Users/mikemac/.nvm/versions/node/v20.18.0/lib/node_modules/firebase-tools/node_modules/@inquirer/core/dist/commonjs/lib/create-prompt.js:100:37)
    at Interface.emit (node:events:519:28)
    at Interface.emit (node:domain:488:12)
    at [_ttyWrite] [as _ttyWrite] (node:internal/readline/interface:1126:18)
    at ReadStream.onkeypress (node:internal/readline/interface:265:20)
    at ReadStream.emit (node:events:531:35)
    at ReadStream.emit (node:domain:488:12)
    at emitKeys (node:internal/readline/utils:371:14)
    at emitKeys.next (<anonymous>)
    at ReadStream.onData (node:internal/readline/emitKeypressEvents:64:36)
[error] 
[error] Error: An unexpected error has occurred.
